build/app/outputs/mapping/release/seeds.txt
androidx.window.layout.WindowMetricsCalculator$-CC: void reset()
io.sentry.flutter.SentryFlutter$updateOptions$2: java.lang.Object invoke(java.lang.Object)
io.flutter.embedding.engine.FlutterJNI: boolean isAttached()
io.sentry.protocol.DebugImage: void serialize(io.sentry.ObjectWriter,io.sentry.ILogger)
io.sentry.protocol.Request: Request()
androidx.lifecycle.ReportFragment$LifecycleCallbacks: void onActivityPostStarted(android.app.Activity)
io.sentry.SentryOptions: void setEnableDeduplication(boolean)
io.flutter.embedding.engine.FlutterJNI: void nativeDestroy(long)
kotlin.coroutines.jvm.internal.ContinuationImpl: kotlin.coroutines.Continuation intercepted()
androidx.window.embedding.ActivityStack: java.util.List getActivities$window_release()
androidx.lifecycle.ReportFragment: ReportFragment()
androidx.window.R$id: R$id()
io.sentry.android.core.SentryPerformanceProvider: SentryPerformanceProvider()
io.flutter.embedding.engine.FlutterJNI: void dispatchSemanticsAction(int,int,java.nio.ByteBuffer,int)
io.flutter.embedding.engine.FlutterJNI: void dispatchSemanticsAction(int,io.flutter.view.AccessibilityBridge$Action,java.lang.Object)
io.sentry.SentryOptions: java.util.List getInAppExcludes()
io.flutter.embedding.engine.FlutterJNI: void lambda$decodeImage$0(long,android.graphics.ImageDecoder,android.graphics.ImageDecoder$ImageInfo,android.graphics.ImageDecoder$Source)
io.sentry.SentryOptions: io.sentry.protocol.SdkVersion createSdkVersion()
io.sentry.SentryOptions: void setProfilingEnabled(boolean)
androidx.core.view.WindowInsetsCompat$Impl20: androidx.core.graphics.Insets getSystemWindowInsets()
io.sentry.android.core.SentryAndroidOptions: boolean isAttachAnrThreadDump()
io.flutter.embedding.engine.FlutterJNI: void onSurfaceDestroyed()
io.sentry.android.ndk.SentryNdk: void initSentryNative(io.sentry.android.core.SentryAndroidOptions)
io.sentry.SentryEnvelopeHeader: SentryEnvelopeHeader()
androidx.core.view.WindowInsetsCompat$Impl: void copyRootViewBounds(android.view.View)
io.sentry.android.core.AnrV2Integration$ParseResult$Type: io.sentry.android.core.AnrV2Integration$ParseResult$Type valueOf(java.lang.String)
androidx.window.layout.WindowLayoutInfo: boolean equals(java.lang.Object)
io.sentry.flutter.SentryFlutterPlugin: void setExtra(java.lang.String,java.lang.String,io.flutter.plugin.common.MethodChannel$Result)
io.sentry.flutter.SentryFlutterPlugin: void loadImageList(io.flutter.plugin.common.MethodChannel$Result)
androidx.window.embedding.SplitController$Companion: void initialize(android.content.Context,int)
io.sentry.protocol.DebugImage: java.lang.String getArch()
io.sentry.android.core.SentryAndroidOptions: long getStartupCrashDurationThresholdMillis()
androidx.window.embedding.EmptyEmbeddingComponent: void setSplitInfoCallback(java.util.function.Consumer)
io.sentry.android.ndk.NativeModuleListLoader: NativeModuleListLoader()
io.sentry.clientreport.DiscardReason: DiscardReason(java.lang.String,int,java.lang.String)
io.sentry.SentryOptions: void setCacheDirPath(java.lang.String)
io.sentry.android.core.SentryAndroidOptions: boolean isEnableNdk()
io.flutter.embedding.engine.FlutterJNI: void setRefreshRateFPS(float)
androidx.window.layout.SidecarCompat$registerConfigurationChangeListener$configChangeObserver$1: void onLowMemory()
io.sentry.flutter.R$dimen: R$dimen()
io.flutter.view.AccessibilityViewEmbedder: android.view.accessibility.AccessibilityNodeInfo getRootNode(android.view.View,int,android.graphics.Rect)
androidx.window.core.Version: int hashCode()
androidx.window.layout.WindowBackend: void unregisterLayoutChangeCallback(androidx.core.util.Consumer)
io.flutter.embedding.engine.mutatorsstack.FlutterMutatorsStack: void pushTransform(float[])
androidx.window.layout.SidecarWindowBackend$ExtensionListenerImpl: void onWindowLayoutChanged(android.app.Activity,androidx.window.layout.WindowLayoutInfo)
androidx.window.embedding.SplitController: void unregisterRule(androidx.window.embedding.EmbeddingRule)