build/app/outputs/mapping/release/mapping.txt
# compiler: R8
# compiler_version: 3.3.70
# min_api: 19
# common_typos_disable
# {"id":"com.android.tools.r8.mapping","version":"2.0"}
# pg_map_id: c2a6ee1
# pg_map_hash: SHA-256 c2a6ee17c7feb41534ca88442321a4e086a20928004da93c5eff0dda8a68da0e
...
kotlin.ranges.IntProgression$Companion -> p0.a$a:
# {"id":"sourceFile","fileName":"Progressions.kt"}
    0:65535:kotlin.ranges.IntProgression fromClosedRange(int,int,int):132:132 -> a
kotlin.ranges.IntProgressionIterator -> p0.b:
# {"id":"sourceFile","fileName":"ProgressionIterators.kt"}
    boolean hasNext -> f
    int next -> g
    int step -> d
    int finalElement -> e
    1:5:void <init>(int,int,int):38:38 -> <init>
    6:18:void <init>(int,int,int):39:39 -> <init>
    19:24:void <init>(int,int,int):40:40 -> <init>
    25:27:void <init>(int,int,int):41:41 -> <init>
    0:65535:boolean hasNext():43:43 -> hasNext
    1:2:int nextInt():46:46 -> nextInt
    3:6:int nextInt():47:47 -> nextInt
    7:11:int nextInt():48:48 -> nextInt
    12:14:int nextInt():49:49 -> nextInt
    15:20:int nextInt():48:48 -> nextInt
    21:26:int nextInt():52:52 -> nextInt
kotlin.ranges.IntRange -> p0.c:
# {"id":"sourceFile","fileName":"PrimitiveRanges.kt"}
    kotlin.ranges.IntRange$Companion Companion -> h
    kotlin.ranges.IntRange EMPTY -> i
    0:65535:void <clinit>():86:86 -> <clinit>
    0:65535:void <init>(int,int):54:54 -> <init>
    1:19:boolean equals(java.lang.Object):76:76 -> equals
    20:45:boolean equals(java.lang.Object):77:77 -> equals
    0:65535:kotlin.ranges.IntRange access$getEMPTY$cp():53:53 -> g
    0:65535:boolean contains(int):66:66 -> h
    0:65535:int hashCode():80:80 -> hashCode
    0:65535:java.lang.Integer getEndInclusive():56:56 -> i
    0:65535:boolean isEmpty():73:73 -> isEmpty
    0:65535:java.lang.Integer getStart():55:55 -> j
    0:65535:java.lang.String toString():82:82 -> toString
kotlin.ranges.IntRange$Companion -> p0.c$a:
# {"id":"sourceFile","fileName":"PrimitiveRanges.kt"}
    0:65535:kotlin.ranges.IntRange getEMPTY():86:86 -> a
kotlin.ranges.RangesKt -> p0.d:
    int coerceAtLeast(int,int) -> a
      # {"id":"com.android.tools.r8.synthesized"}
    long coerceAtLeast(long,long) -> b
      # {"id":"com.android.tools.r8.synthesized"}
    int coerceAtMost(int,int) -> c
      # {"id":"com.android.tools.r8.synthesized"}
    long coerceAtMost(long,long) -> d
      # {"id":"com.android.tools.r8.synthesized"}
    int coerceIn(int,int,int) -> e
      # {"id":"com.android.tools.r8.synthesized"}
    kotlin.ranges.IntProgression downTo(int,int) -> f
      # {"id":"com.android.tools.r8.synthesized"}
    kotlin.ranges.IntRange until(int,int) -> g
      # {"id":"com.android.tools.r8.synthesized"}
kotlin.ranges.RangesKt__RangesKt -> p0.e:
# {"id":"sourceFile","fileName":"Ranges.kt"}
kotlin.ranges.RangesKt___RangesKt -> p0.f:
# {"id":"sourceFile","fileName":"_Ranges.kt"}
    int coerceAtLeast(int,int) -> a
    long coerceAtLeast(long,long) -> b
    int coerceAtMost(int,int) -> c
    long coerceAtMost(long,long) -> d
    0:65535:int coerceIn(int,int,int):1617:1617 -> e
    0:65535:kotlin.ranges.IntProgression downTo(int,int):828:828 -> f
    5:11:kotlin.ranges.IntRange until(int,int):1298:1298 -> g
    12:19:kotlin.ranges.IntRange until(int,int):1299:1299 -> g
kotlin.reflect.KAnnotatedElement -> q0.a:
# {"id":"sourceFile","fileName":"KAnnotatedElement.kt"}
kotlin.reflect.KCallable -> q0.b:
# {"id":"sourceFile","fileName":"KCallable.kt"}
kotlin.reflect.KClass -> q0.c:
# {"id":"sourceFile","fileName":"KClass.kt"}
    java.lang.String getSimpleName() -> a
kotlin.reflect.KDeclarationContainer -> q0.d:
# {"id":"sourceFile","fileName":"KDeclarationContainer.kt"}
kotlin.reflect.KFunction -> q0.e:
# {"id":"sourceFile","fileName":"KFunction.kt"}
kotlin.reflect.KMutableProperty$Setter -> q0.f:
# {"id":"sourceFile","fileName":"KProperty.kt"}
kotlin.reflect.KMutableProperty0 -> q0.g:
# {"id":"sourceFile","fileName":"KProperty.kt"}
kotlin.reflect.KMutableProperty0$Setter -> q0.g$a:
# {"id":"sourceFile","fileName":"KProperty.kt"}
kotlin.reflect.KProperty -> q0.h:
# {"id":"sourceFile","fileName":"KProperty.kt"}
kotlin.reflect.KProperty$Getter -> q0.h$a:
# {"id":"sourceFile","fileName":"KProperty.kt"}